Determining if the pthread_create exist failed with the following output:
Change Dir: /home/mooke2/catkin_workspace/src/darknet_ros/darknet/build/CMakeFiles/CMakeTmp

Run Build Command:"/usr/bin/make" "cmTC_1b645/fast"
/usr/bin/make -f CMakeFiles/cmTC_1b645.dir/build.make CMakeFiles/cmTC_1b645.dir/build
make[1]: Entering directory '/home/mooke2/catkin_workspace/src/darknet_ros/darknet/build/CMakeFiles/CMakeTmp'
Building C object CMakeFiles/cmTC_1b645.dir/CheckSymbolExists.c.o
/usr/bin/cc     -o CMakeFiles/cmTC_1b645.dir/CheckSymbolExists.c.o   -c /home/mooke2/catkin_workspace/src/darknet_ros/darknet/build/CMakeFiles/CMakeTmp/CheckSymbolExists.c
Linking C executable cmTC_1b645
/usr/bin/cmake -E cmake_link_script CMakeFiles/cmTC_1b645.dir/link.txt --verbose=1
/usr/bin/cc       CMakeFiles/cmTC_1b645.dir/CheckSymbolExists.c.o  -o cmTC_1b645 -rdynamic 
CMakeFiles/cmTC_1b645.dir/CheckSymbolExists.c.o：在函数‘main’中：
CheckSymbolExists.c:(.text+0x16)：对‘pthread_create’未定义的引用
collect2: error: ld returned 1 exit status
CMakeFiles/cmTC_1b645.dir/build.make:97: recipe for target 'cmTC_1b645' failed
make[1]: *** [cmTC_1b645] Error 1
make[1]: Leaving directory '/home/mooke2/catkin_workspace/src/darknet_ros/darknet/build/CMakeFiles/CMakeTmp'
Makefile:126: recipe for target 'cmTC_1b645/fast' failed
make: *** [cmTC_1b645/fast] Error 2

File /home/mooke2/catkin_workspace/src/darknet_ros/darknet/build/CMakeFiles/CMakeTmp/CheckSymbolExists.c:
/* */
#include <pthread.h>

int main(int argc, char** argv)
{
  (void)argv;
#ifndef pthread_create
  return ((int*)(&pthread_create))[argc];
#else
  (void)argc;
  return 0;
#endif
}

Determining if the function pthread_create exists in the pthreads failed with the following output:
Change Dir: /home/mooke2/catkin_workspace/src/darknet_ros/darknet/build/CMakeFiles/CMakeTmp

Run Build Command:"/usr/bin/make" "cmTC_2614a/fast"
/usr/bin/make -f CMakeFiles/cmTC_2614a.dir/build.make CMakeFiles/cmTC_2614a.dir/build
make[1]: Entering directory '/home/mooke2/catkin_workspace/src/darknet_ros/darknet/build/CMakeFiles/CMakeTmp'
Building C object CMakeFiles/cmTC_2614a.dir/CheckFunctionExists.c.o
/usr/bin/cc    -DCHECK_FUNCTION_EXISTS=pthread_create   -o CMakeFiles/cmTC_2614a.dir/CheckFunctionExists.c.o   -c /usr/share/cmake-3.5/Modules/CheckFunctionExists.c
Linking C executable cmTC_2614a
/usr/bin/cmake -E cmake_link_script CMakeFiles/cmTC_2614a.dir/link.txt --verbose=1
/usr/bin/cc   -DCHECK_FUNCTION_EXISTS=pthread_create    CMakeFiles/cmTC_2614a.dir/CheckFunctionExists.c.o  -o cmTC_2614a -rdynamic -lpthreads 
/usr/bin/ld: 找不到 -lpthreads
collect2: error: ld returned 1 exit status
CMakeFiles/cmTC_2614a.dir/build.make:97: recipe for target 'cmTC_2614a' failed
make[1]: *** [cmTC_2614a] Error 1
make[1]: Leaving directory '/home/mooke2/catkin_workspace/src/darknet_ros/darknet/build/CMakeFiles/CMakeTmp'
Makefile:126: recipe for target 'cmTC_2614a/fast' failed
make: *** [cmTC_2614a/fast] Error 2


